Using pre-set license
Built from '2021.2/staging' branch; Version is '2021.2.3f1 (32358a8527b4) revision 3290506'; Using compiler version '192829333'; Build Type 'Release'
OS: 'Windows 10 Pro; OS build 19043.1348; Version 2009; 64bit' Language: 'en' Physical Memory: 15825 MB
BatchMode: 1, IsHumanControllingUs: 0, StartBugReporterOnCrash: 0, Is64bit: 1, IsPro: 0

COMMAND LINE ARGUMENTS:
D:\Program Files\Unity Hub\edit\2021.2.3f1\Editor\Unity.exe
-adb2
-batchMode
-noUpm
-name
AssetImportWorker1
-projectPath
D:/Unity/dam/age
-logFile
Logs/AssetImportWorker1.log
-srvPort
57824
Successfully changed project path to: D:/Unity/dam/age
D:/Unity/dam/age
[UnityMemory] Configuration Parameters - Can be set up in boot.config
    "memorysetup-bucket-allocator-granularity=16"
    "memorysetup-bucket-allocator-bucket-count=8"
    "memorysetup-bucket-allocator-block-size=33554432"
    "memorysetup-bucket-allocator-block-count=8"
    "memorysetup-main-allocator-block-size=16777216"
    "memorysetup-thread-allocator-block-size=16777216"
    "memorysetup-gfx-main-allocator-block-size=16777216"
    "memorysetup-gfx-thread-allocator-block-size=16777216"
    "memorysetup-cache-allocator-block-size=4194304"
    "memorysetup-typetree-allocator-block-size=2097152"
    "memorysetup-profiler-bucket-allocator-granularity=16"
    "memorysetup-profiler-bucket-allocator-bucket-count=8"
    "memorysetup-profiler-bucket-allocator-block-size=33554432"
    "memorysetup-profiler-bucket-allocator-block-count=8"
    "memorysetup-profiler-allocator-block-size=16777216"
    "memorysetup-profiler-editor-allocator-block-size=1048576"
    "memorysetup-temp-allocator-size-main=16777216"
    "memorysetup-job-temp-allocator-block-size=2097152"
    "memorysetup-job-temp-allocator-block-size-background=1048576"
    "memorysetup-job-temp-allocator-reduction-small-platforms=262144"
    "memorysetup-temp-allocator-size-background-worker=32768"
    "memorysetup-temp-allocator-size-job-worker=262144"
    "memorysetup-temp-allocator-size-preload-manager=33554432"
    "memorysetup-temp-allocator-size-nav-mesh-worker=65536"
    "memorysetup-temp-allocator-size-audio-worker=65536"
    "memorysetup-temp-allocator-size-cloud-worker=32768"
    "memorysetup-temp-allocator-size-gi-baking-worker=262144"
    "memorysetup-temp-allocator-size-gfx=262144"
Refreshing native plugins compatible for Editor in 111.66 ms, found 3 plugins.
Preloading 0 native plugins for Editor in 0.00 ms.
Initialize engine version: 2021.2.3f1 (32358a8527b4)
[Subsystems] Discovering subsystems at path D:/Program Files/Unity Hub/edit/2021.2.3f1/Editor/Data/Resources/UnitySubsystems
[Subsystems] Discovering subsystems at path D:/Unity/dam/age/Assets
GfxDevice: creating device client; threaded=0; jobified=0
Direct3D:
    Version:  Direct3D 11.0 [level 11.0]
    Renderer: NVIDIA GeForce GTX 950M (ID=0x139a)
    Vendor:   NVIDIA
    VRAM:     4065 MB
    Driver:   23.21.13.8857
Initialize mono
Mono path[0] = 'D:/Program Files/Unity Hub/edit/2021.2.3f1/Editor/Data/Managed'
Mono path[1] = 'D:/Program Files/Unity Hub/edit/2021.2.3f1/Editor/Data/MonoBleedingEdge/lib/mono/unityjit-win32'
Mono config path = 'D:/Program Files/Unity Hub/edit/2021.2.3f1/Editor/Data/MonoBleedingEdge/etc'
Using monoOptions --debugger-agent=transport=dt_socket,embedding=1,server=y,suspend=n,address=127.0.0.1:56904
Begin MonoManager ReloadAssembly
Registering precompiled unity dll's ...
Register platform support module: D:/Program Files/Unity Hub/edit/2021.2.3f1/Editor/Data/PlaybackEngines/WindowsStandaloneSupport/UnityEditor.WindowsStandalone.Extensions.dll
Registered in 0.007369 seconds.
Native extension for WindowsStandalone target not found
Refreshing native plugins compatible for Editor in 95.53 ms, found 3 plugins.
Preloading 0 native plugins for Editor in 0.00 ms.
Mono: successfully reloaded assembly
- Completed reload, in  0.807 seconds
Domain Reload Profiling:
	ReloadAssembly (808ms)
		BeginReloadAssembly (137ms)
			ExecutionOrderSort (0ms)
			DisableScriptedObjects (0ms)
			BackupInstance (0ms)
			ReleaseScriptingObjects (0ms)
			CreateAndSetChildDomain (1ms)
		EndReloadAssembly (577ms)
			LoadAssemblies (137ms)
			RebuildTransferFunctionScriptingTraits (0ms)
			SetupTypeCache (132ms)
			ReleaseScriptCaches (0ms)
			RebuildScriptCaches (35ms)
			SetupLoadedEditorAssemblies (348ms)
				LogAssemblyErrors (0ms)
				InitializePlatformSupportModulesInManaged (19ms)
				SetLoadedEditorAssemblies (0ms)
				RefreshPlugins (96ms)
				BeforeProcessingInitializeOnLoad (1ms)
				ProcessInitializeOnLoadAttributes (174ms)
				ProcessInitializeOnLoadMethodAttributes (58ms)
				AfterProcessingInitializeOnLoad (0ms)
				EditorAssembliesLoaded (0ms)
			ExecutionOrderSort2 (0ms)
			AwakeInstancesAfterBackupRestoration (0ms)
Platform modules already initialized, skipping
Registering precompiled user dll's ...
Registered in 0.010154 seconds.
Begin MonoManager ReloadAssembly
Symbol file LoadedFromMemory doesn't match image D:\Unity\dam\age\Library\PackageCache\com.unity.visualscripting@1.7.5\Editor\VisualScripting.Core\Dependencies\YamlDotNet\Unity.VisualScripting.YamlDotNet.dll
Symbol file LoadedFromMemory doesn't match image D:\Unity\dam\age\Library\PackageCache\com.unity.visualscripting@1.7.5\Editor\VisualScripting.Core\Dependencies\DotNetZip\Unity.VisualScripting.IonicZip.dll
Native extension for WindowsStandalone target not found
Refreshing native plugins compatible for Editor in 2.07 ms, found 3 plugins.
Preloading 0 native plugins for Editor in 0.00 ms.
[RTSEngineEditorHelper] Cached faction type, resource type, NPC type and entity component task UI data asset files.
UnityEngine.StackTraceUtility:ExtractStackTrace ()
UnityEngine.DebugLogHandler:LogFormat (UnityEngine.LogType,UnityEngine.Object,string,object[])
UnityEngine.Logger:Log (UnityEngine.LogType,object)
UnityEngine.Debug:Log (object)
RTSEngine.RTSEditorHelper:RefreshAssetFiles () (at Assets/RTS Engine/Scripting/Editor/RTSEditorHelper.cs:30)
RTSEngine.RTSEditorHelper:.cctor () (at Assets/RTS Engine/Scripting/Editor/RTSEditorHelper.cs:18)
System.Runtime.CompilerServices.RuntimeHelpers:RunClassConstructor (System.RuntimeTypeHandle)
UnityEditor.EditorAssemblies:ProcessInitializeOnLoadAttributes (System.Type[])

(Filename: Assets/RTS Engine/Scripting/Editor/RTSEditorHelper.cs Line: 30)

Mono: successfully reloaded assembly
- Completed reload, in  1.824 seconds
Domain Reload Profiling:
	ReloadAssembly (1825ms)
		BeginReloadAssembly (313ms)
			ExecutionOrderSort (0ms)
			DisableScriptedObjects (7ms)
			BackupInstance (0ms)
			ReleaseScriptingObjects (0ms)
			CreateAndSetChildDomain (24ms)
		EndReloadAssembly (1391ms)
			LoadAssemblies (146ms)
			RebuildTransferFunctionScriptingTraits (0ms)
			SetupTypeCache (333ms)
			ReleaseScriptCaches (1ms)
			RebuildScriptCaches (68ms)
			SetupLoadedEditorAssemblies (761ms)
				LogAssemblyErrors (0ms)
				InitializePlatformSupportModulesInManaged (17ms)
				SetLoadedEditorAssemblies (1ms)
				RefreshPlugins (2ms)
				BeforeProcessingInitializeOnLoad (98ms)
				ProcessInitializeOnLoadAttributes (603ms)
				ProcessInitializeOnLoadMethodAttributes (33ms)
				AfterProcessingInitializeOnLoad (7ms)
				EditorAssembliesLoaded (0ms)
			ExecutionOrderSort2 (0ms)
			AwakeInstancesAfterBackupRestoration (10ms)
Platform modules already initialized, skipping
========================================================================
Worker process is ready to serve import requests
Launched and connected shader compiler UnityShaderCompiler.exe after 0.08 seconds
Refreshing native plugins compatible for Editor in 0.81 ms, found 3 plugins.
Preloading 0 native plugins for Editor in 0.00 ms.
Unloading 3583 Unused Serialized files (Serialized files now loaded: 0)
Unloading 26 unused Assets / (187.2 KB). Loaded Objects now: 5848.
Memory consumption went from 141.0 MB to 140.8 MB.
Total: 5.889100 ms (FindLiveObjects: 0.589000 ms CreateObjectMapping: 0.610600 ms MarkObjects: 4.567100 ms  DeleteObjects: 0.121100 ms)

AssetImportParameters requested are different than current active one (requested -> active):
  custom:video-decoder-ogg-theora: a1e56fd34408186e4bbccfd4996cb3dc -> 
  custom:container-muxer-webm: aa71ff27fc2769a1b78a27578f13a17b -> 
  custom:container-demuxer-webm: 4f35f7cbe854078d1ac9338744f61a02 -> 
  custom:video-encoder-webm-vp8: eb34c28f22e8b96e1ab97ce403110664 -> 
  custom:audio-encoder-webm-vorbis: bf7c407c2cedff20999df2af8eb42d56 -> 
  custom:framework-win-MediaFoundation: 216162199b28c13a410421893ffa2e32 -> 
  custom:container-demuxer-ogg: 62fdf1f143b41e24485cea50d1cbac27 -> 
  custom:video-decoder-webm-vp8: 9c59270c3fd7afecdb556c50c9e8de78 -> 
  custom:audio-decoder-ogg-vorbis: bf7c407c2cedff20999df2af8eb42d56 -> 
========================================================================
Received Import Request.
  Time since last request: 35243.741058 seconds.
  path: Assets/RTS Engine/Buildings/Resources/Prefabs/SmallTower.prefab
  artifactKey: Guid(178b713b32fccd247a42925c0d7dd041) Importer(815301076,1909f56bfc062723c751e8b465ee728b)
Start importing Assets/RTS Engine/Buildings/Resources/Prefabs/SmallTower.prefab using Guid(178b713b32fccd247a42925c0d7dd041) Importer(815301076,1909f56bfc062723c751e8b465ee728b)  -> (artifact id: 'e562ba678cb44e07137c09cba7bb26b0') in 0.353967 seconds 
========================================================================
Received Import Request.
  Time since last request: 0.000030 seconds.
  path: Assets/RTS Engine/Buildings/Resources/Prefabs/House_Invaders.prefab
  artifactKey: Guid(48f56e190294eb646abe1bcea2456dbb) Importer(815301076,1909f56bfc062723c751e8b465ee728b)
Start importing Assets/RTS Engine/Buildings/Resources/Prefabs/House_Invaders.prefab using Guid(48f56e190294eb646abe1bcea2456dbb) Importer(815301076,1909f56bfc062723c751e8b465ee728b)  -> (artifact id: 'ef1b39a32721896e66682f6818765125') in 0.088882 seconds 
========================================================================
Received Import Request.
  Time since last request: 0.000040 seconds.
  path: Assets/RTS Engine/Buildings/Resources/Prefabs/Capital.prefab
  artifactKey: Guid(13f9d44ccafc2424295533f2d2f4db93) Importer(815301076,1909f56bfc062723c751e8b465ee728b)
Start importing Assets/RTS Engine/Buildings/Resources/Prefabs/Capital.prefab using Guid(13f9d44ccafc2424295533f2d2f4db93) Importer(815301076,1909f56bfc062723c751e8b465ee728b)  -> (artifact id: 'dc8190ab1e48968af04a62aedbda711a') in 0.086665 seconds 
========================================================================
Received Import Request.
  Time since last request: 3.589727 seconds.
  path: Assets/RTS Engine/Buildings/Resources/Prefabs/Capital.prefab
  artifactKey: Guid(13f9d44ccafc2424295533f2d2f4db93) Importer(815301076,1909f56bfc062723c751e8b465ee728b)
Start importing Assets/RTS Engine/Buildings/Resources/Prefabs/Capital.prefab using Guid(13f9d44ccafc2424295533f2d2f4db93) Importer(815301076,1909f56bfc062723c751e8b465ee728b)  -> (artifact id: '954e3e250c2471adb86f62736bc3f484') in 0.080073 seconds 
========================================================================
Received Import Request.
  Time since last request: 0.000036 seconds.
  path: Assets/RTS Engine/Buildings/Resources/Prefabs/SmallTower.prefab
  artifactKey: Guid(178b713b32fccd247a42925c0d7dd041) Importer(815301076,1909f56bfc062723c751e8b465ee728b)
Start importing Assets/RTS Engine/Buildings/Resources/Prefabs/SmallTower.prefab using Guid(178b713b32fccd247a42925c0d7dd041) Importer(815301076,1909f56bfc062723c751e8b465ee728b)  -> (artifact id: 'fae79748c34035a151e16dbb06e53f2d') in 0.088052 seconds 
========================================================================
Received Import Request.
  Time since last request: 0.000031 seconds.
  path: Assets/RTS Engine/Buildings/Resources/Prefabs/TallTower.prefab
  artifactKey: Guid(1b4f6ee4011f1024093e3b0163471545) Importer(815301076,1909f56bfc062723c751e8b465ee728b)
Start importing Assets/RTS Engine/Buildings/Resources/Prefabs/TallTower.prefab using Guid(1b4f6ee4011f1024093e3b0163471545) Importer(815301076,1909f56bfc062723c751e8b465ee728b)  -> (artifact id: 'ac8e24880dca1fcdd5cacdd8b1b341ee') in 0.073558 seconds 
========================================================================
Received Import Request.
  Time since last request: 8.622080 seconds.
  path: Assets/RTS Engine/Buildings/Resources/Prefabs/Capital.prefab
  artifactKey: Guid(13f9d44ccafc2424295533f2d2f4db93) Importer(815301076,1909f56bfc062723c751e8b465ee728b)
Start importing Assets/RTS Engine/Buildings/Resources/Prefabs/Capital.prefab using Guid(13f9d44ccafc2424295533f2d2f4db93) Importer(815301076,1909f56bfc062723c751e8b465ee728b)  -> (artifact id: '7296c9b797d527e728055051cf55f302') in 0.078636 seconds 
========================================================================
Received Import Request.
  Time since last request: 0.000029 seconds.
  path: Assets/RTS Engine/Buildings/Resources/Prefabs/House_Survivors.prefab
  artifactKey: Guid(7d7eb9974415d744bb7b3c205c7e4d54) Importer(815301076,1909f56bfc062723c751e8b465ee728b)
Start importing Assets/RTS Engine/Buildings/Resources/Prefabs/House_Survivors.prefab using Guid(7d7eb9974415d744bb7b3c205c7e4d54) Importer(815301076,1909f56bfc062723c751e8b465ee728b)  -> (artifact id: 'aeeaba4b30b72818c9aae29e9cb5edd4') in 0.076202 seconds 
========================================================================
Received Import Request.
  Time since last request: 0.000033 seconds.
  path: Assets/RTS Engine/Buildings/Resources/Prefabs/House_Invaders.prefab
  artifactKey: Guid(48f56e190294eb646abe1bcea2456dbb) Importer(815301076,1909f56bfc062723c751e8b465ee728b)
Start importing Assets/RTS Engine/Buildings/Resources/Prefabs/House_Invaders.prefab using Guid(48f56e190294eb646abe1bcea2456dbb) Importer(815301076,1909f56bfc062723c751e8b465ee728b)  -> (artifact id: '749d563a2b5f6c942cbe6137ec917c41') in 0.079724 seconds 
========================================================================
Received Import Request.
  Time since last request: 1.109338 seconds.
  path: Assets/RTS Engine/Buildings/Resources/Prefabs/Capital.prefab
  artifactKey: Guid(13f9d44ccafc2424295533f2d2f4db93) Importer(815301076,1909f56bfc062723c751e8b465ee728b)
Start importing Assets/RTS Engine/Buildings/Resources/Prefabs/Capital.prefab using Guid(13f9d44ccafc2424295533f2d2f4db93) Importer(815301076,1909f56bfc062723c751e8b465ee728b)  -> (artifact id: 'aeee63f62c9ff4cdfa478906992a7f8d') in 0.078878 seconds 
========================================================================
Received Import Request.
  Time since last request: 0.000033 seconds.
  path: Assets/RTS Engine/Buildings/Resources/Prefabs/House_Survivors.prefab
  artifactKey: Guid(7d7eb9974415d744bb7b3c205c7e4d54) Importer(815301076,1909f56bfc062723c751e8b465ee728b)
Start importing Assets/RTS Engine/Buildings/Resources/Prefabs/House_Survivors.prefab using Guid(7d7eb9974415d744bb7b3c205c7e4d54) Importer(815301076,1909f56bfc062723c751e8b465ee728b)  -> (artifact id: 'bde49d812bae758890ae272d05e85dd7') in 0.075115 seconds 
========================================================================
Received Import Request.
  Time since last request: 0.000030 seconds.
  path: Assets/RTS Engine/Buildings/Resources/Prefabs/TallTower.prefab
  artifactKey: Guid(1b4f6ee4011f1024093e3b0163471545) Importer(815301076,1909f56bfc062723c751e8b465ee728b)
Start importing Assets/RTS Engine/Buildings/Resources/Prefabs/TallTower.prefab using Guid(1b4f6ee4011f1024093e3b0163471545) Importer(815301076,1909f56bfc062723c751e8b465ee728b)  -> (artifact id: '9eea4f700df97bb68e707a1fc1089cfb') in 0.075044 seconds 
========================================================================
Received Import Request.
  Time since last request: 17.798539 seconds.
  path: Assets/RTS Engine/Selection/Materials/PositiveSelectionMaterial.mat
  artifactKey: Guid(8c62b43315aec3648b8377753c2e308d) Importer(815301076,1909f56bfc062723c751e8b465ee728b)
Start importing Assets/RTS Engine/Selection/Materials/PositiveSelectionMaterial.mat using Guid(8c62b43315aec3648b8377753c2e308d) Importer(815301076,1909f56bfc062723c751e8b465ee728b)  -> (artifact id: '1faf0ecb0cef41d948cb611c1dbd1b1f') in 0.054320 seconds 
========================================================================
Received Import Request.
  Time since last request: 0.000030 seconds.
  path: Assets/RTS Engine/Maps/DemoMap/Kenney Assets/Castle Kit/Models/Materials/Roof 1.mat
  artifactKey: Guid(274e76077dba86a4baff90c8525788ba) Importer(815301076,1909f56bfc062723c751e8b465ee728b)
Start importing Assets/RTS Engine/Maps/DemoMap/Kenney Assets/Castle Kit/Models/Materials/Roof 1.mat using Guid(274e76077dba86a4baff90c8525788ba) Importer(815301076,1909f56bfc062723c751e8b465ee728b)  -> (artifact id: '158a00719c39bd1ba556634b7f0c6fd1') in 0.027489 seconds 
========================================================================
Received Import Request.
  Time since last request: 0.000030 seconds.
  path: Assets/RTS Engine/Maps/DemoMap/Kenney Assets/Medieval Town (base)/Materials/Red_Roof.mat
  artifactKey: Guid(e2e844f9a5fdbc845b5be7d3695d6f4f) Importer(815301076,1909f56bfc062723c751e8b465ee728b)
Start importing Assets/RTS Engine/Maps/DemoMap/Kenney Assets/Medieval Town (base)/Materials/Red_Roof.mat using Guid(e2e844f9a5fdbc845b5be7d3695d6f4f) Importer(815301076,1909f56bfc062723c751e8b465ee728b)  -> (artifact id: '81f1de65e519fc12f7ccd21e92d39678') in 0.026088 seconds 
========================================================================
Received Import Request.
  Time since last request: 0.000028 seconds.
  path: Assets/RTS Engine/Maps/DemoMap/Kenney Assets/Modular Buildings/Materials/Roof.mat
  artifactKey: Guid(86f9f76743f18cd419eb19942821c36e) Importer(815301076,1909f56bfc062723c751e8b465ee728b)
Start importing Assets/RTS Engine/Maps/DemoMap/Kenney Assets/Modular Buildings/Materials/Roof.mat using Guid(86f9f76743f18cd419eb19942821c36e) Importer(815301076,1909f56bfc062723c751e8b465ee728b)  -> (artifact id: '5c88d6d14d5a1b617b23cd881910cf45') in 0.027190 seconds 
========================================================================
Received Import Request.
  Time since last request: 0.000026 seconds.
  path: Assets/RTS Engine/Maps/DemoMap/Custom/Materials/Resource.mat
  artifactKey: Guid(3143341cdea69e7458595ab0c6ae171b) Importer(815301076,1909f56bfc062723c751e8b465ee728b)
Start importing Assets/RTS Engine/Maps/DemoMap/Custom/Materials/Resource.mat using Guid(3143341cdea69e7458595ab0c6ae171b) Importer(815301076,1909f56bfc062723c751e8b465ee728b)  -> (artifact id: '8fc4702755e7447b320163b358de1ab5') in 0.018221 seconds 
========================================================================
Received Import Request.
  Time since last request: 1.599055 seconds.
  path: Assets/RTS Engine/Buildings/Resources/Prefabs/Capital.prefab
  artifactKey: Guid(13f9d44ccafc2424295533f2d2f4db93) Importer(815301076,1909f56bfc062723c751e8b465ee728b)
Start importing Assets/RTS Engine/Buildings/Resources/Prefabs/Capital.prefab using Guid(13f9d44ccafc2424295533f2d2f4db93) Importer(815301076,1909f56bfc062723c751e8b465ee728b)  -> (artifact id: '00f60017cd08344b365692b827dfe2ec') in 0.075319 seconds 
========================================================================
Received Import Request.
  Time since last request: 0.000034 seconds.
  path: Assets/RTS Engine/Buildings/Resources/Prefabs/House_Survivors.prefab
  artifactKey: Guid(7d7eb9974415d744bb7b3c205c7e4d54) Importer(815301076,1909f56bfc062723c751e8b465ee728b)
Start importing Assets/RTS Engine/Buildings/Resources/Prefabs/House_Survivors.prefab using Guid(7d7eb9974415d744bb7b3c205c7e4d54) Importer(815301076,1909f56bfc062723c751e8b465ee728b)  -> (artifact id: '975cbe6c712a06327f8738a46937e00e') in 0.080619 seconds 
========================================================================
Received Import Request.
  Time since last request: 0.000035 seconds.
  path: Assets/RTS Engine/Buildings/Resources/Prefabs/House_Invaders.prefab
  artifactKey: Guid(48f56e190294eb646abe1bcea2456dbb) Importer(815301076,1909f56bfc062723c751e8b465ee728b)
Start importing Assets/RTS Engine/Buildings/Resources/Prefabs/House_Invaders.prefab using Guid(48f56e190294eb646abe1bcea2456dbb) Importer(815301076,1909f56bfc062723c751e8b465ee728b)  -> (artifact id: '6c5157b8570a185be4d986b5c5c8074b') in 0.077603 seconds 
========================================================================
Received Import Request.
  Time since last request: 11.894550 seconds.
  path: Assets/RTS Engine/Buildings/Resources/Prefabs/Capital.prefab
  artifactKey: Guid(13f9d44ccafc2424295533f2d2f4db93) Importer(815301076,1909f56bfc062723c751e8b465ee728b)
Start importing Assets/RTS Engine/Buildings/Resources/Prefabs/Capital.prefab using Guid(13f9d44ccafc2424295533f2d2f4db93) Importer(815301076,1909f56bfc062723c751e8b465ee728b)  -> (artifact id: '114abbd49aece1c73d7cc3133e1c8e84') in 0.076990 seconds 
========================================================================
Received Import Request.
  Time since last request: 0.000031 seconds.
  path: Assets/RTS Engine/Buildings/Resources/Prefabs/House_Survivors.prefab
  artifactKey: Guid(7d7eb9974415d744bb7b3c205c7e4d54) Importer(815301076,1909f56bfc062723c751e8b465ee728b)
Start importing Assets/RTS Engine/Buildings/Resources/Prefabs/House_Survivors.prefab using Guid(7d7eb9974415d744bb7b3c205c7e4d54) Importer(815301076,1909f56bfc062723c751e8b465ee728b)  -> (artifact id: '63a5226b155c35ea6df6681d42cf53b0') in 0.078819 seconds 
========================================================================
Received Import Request.
  Time since last request: 0.000033 seconds.
  path: Assets/RTS Engine/Buildings/Resources/Prefabs/House_Invaders.prefab
  artifactKey: Guid(48f56e190294eb646abe1bcea2456dbb) Importer(815301076,1909f56bfc062723c751e8b465ee728b)
Start importing Assets/RTS Engine/Buildings/Resources/Prefabs/House_Invaders.prefab using Guid(48f56e190294eb646abe1bcea2456dbb) Importer(815301076,1909f56bfc062723c751e8b465ee728b)  -> (artifact id: '39ea085f381d0b0e0550f9c4eabaef54') in 0.077581 seconds 
========================================================================
Received Import Request.
  Time since last request: 3.765131 seconds.
  path: Assets/RTS Engine/Buildings/Resources/Prefabs/Capital.prefab
  artifactKey: Guid(13f9d44ccafc2424295533f2d2f4db93) Importer(815301076,1909f56bfc062723c751e8b465ee728b)
Start importing Assets/RTS Engine/Buildings/Resources/Prefabs/Capital.prefab using Guid(13f9d44ccafc2424295533f2d2f4db93) Importer(815301076,1909f56bfc062723c751e8b465ee728b)  -> (artifact id: 'd248c47503bda80f967af081e477e081') in 0.078472 seconds 
========================================================================
Received Import Request.
  Time since last request: 0.000031 seconds.
  path: Assets/RTS Engine/Buildings/Resources/Prefabs/House_Survivors.prefab
  artifactKey: Guid(7d7eb9974415d744bb7b3c205c7e4d54) Importer(815301076,1909f56bfc062723c751e8b465ee728b)
Start importing Assets/RTS Engine/Buildings/Resources/Prefabs/House_Survivors.prefab using Guid(7d7eb9974415d744bb7b3c205c7e4d54) Importer(815301076,1909f56bfc062723c751e8b465ee728b)  -> (artifact id: '41bcc087db5caf49ed2e5a01c7036364') in 0.077354 seconds 
========================================================================
Received Import Request.
  Time since last request: 0.000041 seconds.
  path: Assets/RTS Engine/Buildings/Resources/Prefabs/House_Invaders.prefab
  artifactKey: Guid(48f56e190294eb646abe1bcea2456dbb) Importer(815301076,1909f56bfc062723c751e8b465ee728b)
Start importing Assets/RTS Engine/Buildings/Resources/Prefabs/House_Invaders.prefab using Guid(48f56e190294eb646abe1bcea2456dbb) Importer(815301076,1909f56bfc062723c751e8b465ee728b)  -> (artifact id: '892a7db2e7da597a5ca1fd41698d96c3') in 0.080955 seconds 
========================================================================
Received Import Request.
  Time since last request: 8.654383 seconds.
  path: Assets/RTS Engine/Buildings/Resources/Prefabs/Capital.prefab
  artifactKey: Guid(13f9d44ccafc2424295533f2d2f4db93) Importer(815301076,1909f56bfc062723c751e8b465ee728b)
Start importing Assets/RTS Engine/Buildings/Resources/Prefabs/Capital.prefab using Guid(13f9d44ccafc2424295533f2d2f4db93) Importer(815301076,1909f56bfc062723c751e8b465ee728b)  -> (artifact id: '70d682232f9e3bd918d3916dae486e86') in 0.084243 seconds 
========================================================================
Received Import Request.
  Time since last request: 0.000029 seconds.
  path: Assets/RTS Engine/Buildings/Resources/Prefabs/House_Survivors.prefab
  artifactKey: Guid(7d7eb9974415d744bb7b3c205c7e4d54) Importer(815301076,1909f56bfc062723c751e8b465ee728b)
Start importing Assets/RTS Engine/Buildings/Resources/Prefabs/House_Survivors.prefab using Guid(7d7eb9974415d744bb7b3c205c7e4d54) Importer(815301076,1909f56bfc062723c751e8b465ee728b)  -> (artifact id: '936e183f779986c74a8f600a1382a6ee') in 0.081808 seconds 
========================================================================
Received Import Request.
  Time since last request: 0.000052 seconds.
  path: Assets/RTS Engine/Buildings/Resources/Prefabs/House_Invaders.prefab
  artifactKey: Guid(48f56e190294eb646abe1bcea2456dbb) Importer(815301076,1909f56bfc062723c751e8b465ee728b)
Start importing Assets/RTS Engine/Buildings/Resources/Prefabs/House_Invaders.prefab using Guid(48f56e190294eb646abe1bcea2456dbb) Importer(815301076,1909f56bfc062723c751e8b465ee728b)  -> (artifact id: '63a3dc7c9ab1f0fac6fd4b9eaa0c3f1d') in 0.079769 seconds 
========================================================================
Received Import Request.
  Time since last request: 184.579259 seconds.
  path: Assets/RTS Engine/Buildings/Resources/Prefabs/Capital.prefab
  artifactKey: Guid(13f9d44ccafc2424295533f2d2f4db93) Importer(815301076,1909f56bfc062723c751e8b465ee728b)
Start importing Assets/RTS Engine/Buildings/Resources/Prefabs/Capital.prefab using Guid(13f9d44ccafc2424295533f2d2f4db93) Importer(815301076,1909f56bfc062723c751e8b465ee728b)  -> (artifact id: 'cbe5a0352970a663c5765a1e88dbade0') in 0.073371 seconds 
========================================================================
Received Import Request.
  Time since last request: 0.000029 seconds.
  path: Assets/RTS Engine/Buildings/Resources/Prefabs/House_Survivors.prefab
  artifactKey: Guid(7d7eb9974415d744bb7b3c205c7e4d54) Importer(815301076,1909f56bfc062723c751e8b465ee728b)
Start importing Assets/RTS Engine/Buildings/Resources/Prefabs/House_Survivors.prefab using Guid(7d7eb9974415d744bb7b3c205c7e4d54) Importer(815301076,1909f56bfc062723c751e8b465ee728b)  -> (artifact id: '5c09f6869690323d777fb7f18bc90c9d') in 0.072240 seconds 
========================================================================
Received Import Request.
  Time since last request: 0.000029 seconds.
  path: Assets/RTS Engine/Buildings/Resources/Prefabs/House_Invaders.prefab
  artifactKey: Guid(48f56e190294eb646abe1bcea2456dbb) Importer(815301076,1909f56bfc062723c751e8b465ee728b)
Start importing Assets/RTS Engine/Buildings/Resources/Prefabs/House_Invaders.prefab using Guid(48f56e190294eb646abe1bcea2456dbb) Importer(815301076,1909f56bfc062723c751e8b465ee728b)  -> (artifact id: 'e070fd69efd8196f9eaab2531a76c629') in 0.079649 seconds 
========================================================================
Received Import Request.
  Time since last request: 10.492336 seconds.
  path: Assets/RTS Engine/Buildings/Resources/Prefabs/Capital.prefab
  artifactKey: Guid(13f9d44ccafc2424295533f2d2f4db93) Importer(815301076,1909f56bfc062723c751e8b465ee728b)
Start importing Assets/RTS Engine/Buildings/Resources/Prefabs/Capital.prefab using Guid(13f9d44ccafc2424295533f2d2f4db93) Importer(815301076,1909f56bfc062723c751e8b465ee728b)  -> (artifact id: '5cde7c0995a4f608260757d038c16b7a') in 0.074790 seconds 
========================================================================
Received Import Request.
  Time since last request: 0.000031 seconds.
  path: Assets/RTS Engine/Buildings/Resources/Prefabs/House_Survivors.prefab
  artifactKey: Guid(7d7eb9974415d744bb7b3c205c7e4d54) Importer(815301076,1909f56bfc062723c751e8b465ee728b)
Start importing Assets/RTS Engine/Buildings/Resources/Prefabs/House_Survivors.prefab using Guid(7d7eb9974415d744bb7b3c205c7e4d54) Importer(815301076,1909f56bfc062723c751e8b465ee728b)  -> (artifact id: '97a9f2db4e1d9d191ea0df45ceb747c4') in 0.075730 seconds 
========================================================================
Received Import Request.
  Time since last request: 0.000031 seconds.
  path: Assets/RTS Engine/Buildings/Resources/Prefabs/House_Invaders.prefab
  artifactKey: Guid(48f56e190294eb646abe1bcea2456dbb) Importer(815301076,1909f56bfc062723c751e8b465ee728b)
Start importing Assets/RTS Engine/Buildings/Resources/Prefabs/House_Invaders.prefab using Guid(48f56e190294eb646abe1bcea2456dbb) Importer(815301076,1909f56bfc062723c751e8b465ee728b)  -> (artifact id: '01a9e789fea1287896ad84ec97a01c7b') in 0.070339 seconds 
========================================================================
Received Import Request.
  Time since last request: 2.898690 seconds.
  path: Assets/RTS Engine/Buildings/Resources/Prefabs/Capital.prefab
  artifactKey: Guid(13f9d44ccafc2424295533f2d2f4db93) Importer(815301076,1909f56bfc062723c751e8b465ee728b)
Start importing Assets/RTS Engine/Buildings/Resources/Prefabs/Capital.prefab using Guid(13f9d44ccafc2424295533f2d2f4db93) Importer(815301076,1909f56bfc062723c751e8b465ee728b)  -> (artifact id: 'c4885179edb50fd2588332d65ee84a51') in 0.077843 seconds 
========================================================================
Received Import Request.
  Time since last request: 0.000027 seconds.
  path: Assets/RTS Engine/Buildings/Resources/Prefabs/House_Survivors.prefab
  artifactKey: Guid(7d7eb9974415d744bb7b3c205c7e4d54) Importer(815301076,1909f56bfc062723c751e8b465ee728b)
Start importing Assets/RTS Engine/Buildings/Resources/Prefabs/House_Survivors.prefab using Guid(7d7eb9974415d744bb7b3c205c7e4d54) Importer(815301076,1909f56bfc062723c751e8b465ee728b)  -> (artifact id: 'ecba31208f3c26978828963de83b9293') in 0.073796 seconds 
========================================================================
Received Import Request.
  Time since last request: 0.000029 seconds.
  path: Assets/RTS Engine/Buildings/Resources/Prefabs/House_Invaders.prefab
  artifactKey: Guid(48f56e190294eb646abe1bcea2456dbb) Importer(815301076,1909f56bfc062723c751e8b465ee728b)
Start importing Assets/RTS Engine/Buildings/Resources/Prefabs/House_Invaders.prefab using Guid(48f56e190294eb646abe1bcea2456dbb) Importer(815301076,1909f56bfc062723c751e8b465ee728b)  -> (artifact id: '09e8064d227942448347c807521c10f9') in 0.088171 seconds 
========================================================================
Received Prepare
Registering precompiled user dll's ...
Registered in 0.009735 seconds.
Begin MonoManager ReloadAssembly
Symbol file LoadedFromMemory doesn't match image D:\Unity\dam\age\Library\PackageCache\com.unity.visualscripting@1.7.5\Editor\VisualScripting.Core\Dependencies\YamlDotNet\Unity.VisualScripting.YamlDotNet.dll
Symbol file LoadedFromMemory doesn't match image D:\Unity\dam\age\Library\PackageCache\com.unity.visualscripting@1.7.5\Editor\VisualScripting.Core\Dependencies\DotNetZip\Unity.VisualScripting.IonicZip.dll
Native extension for WindowsStandalone target not found
Refreshing native plugins compatible for Editor in 0.86 ms, found 3 plugins.
Preloading 0 native plugins for Editor in 0.00 ms.
[RTSEngineEditorHelper] Cached faction type, resource type, NPC type and entity component task UI data asset files.
UnityEngine.StackTraceUtility:ExtractStackTrace ()
UnityEngine.DebugLogHandler:LogFormat (UnityEngine.LogType,UnityEngine.Object,string,object[])
UnityEngine.Logger:Log (UnityEngine.LogType,object)
UnityEngine.Debug:Log (object)
RTSEngine.RTSEditorHelper:RefreshAssetFiles () (at Assets/RTS Engine/Scripting/Editor/RTSEditorHelper.cs:30)
RTSEngine.RTSEditorHelper:.cctor () (at Assets/RTS Engine/Scripting/Editor/RTSEditorHelper.cs:18)
System.Runtime.CompilerServices.RuntimeHelpers:RunClassConstructor (System.RuntimeTypeHandle)
UnityEditor.EditorAssemblies:ProcessInitializeOnLoadAttributes (System.Type[])

(Filename: Assets/RTS Engine/Scripting/Editor/RTSEditorHelper.cs Line: 30)

Mono: successfully reloaded assembly
- Completed reload, in  1.938 seconds
Domain Reload Profiling:
	ReloadAssembly (1939ms)
		BeginReloadAssembly (226ms)
			ExecutionOrderSort (0ms)
			DisableScriptedObjects (6ms)
			BackupInstance (0ms)
			ReleaseScriptingObjects (0ms)
			CreateAndSetChildDomain (54ms)
		EndReloadAssembly (1590ms)
			LoadAssemblies (162ms)
			RebuildTransferFunctionScriptingTraits (0ms)
			SetupTypeCache (382ms)
			ReleaseScriptCaches (2ms)
			RebuildScriptCaches (81ms)
			SetupLoadedEditorAssemblies (597ms)
				LogAssemblyErrors (0ms)
				InitializePlatformSupportModulesInManaged (18ms)
				SetLoadedEditorAssemblies (1ms)
				RefreshPlugins (1ms)
				BeforeProcessingInitializeOnLoad (104ms)
				ProcessInitializeOnLoadAttributes (418ms)
				ProcessInitializeOnLoadMethodAttributes (45ms)
				AfterProcessingInitializeOnLoad (10ms)
				EditorAssembliesLoaded (0ms)
			ExecutionOrderSort2 (0ms)
			AwakeInstancesAfterBackupRestoration (11ms)
Platform modules already initialized, skipping
Refreshing native plugins compatible for Editor in 1.35 ms, found 3 plugins.
Preloading 0 native plugins for Editor in 0.00 ms.
Unloading 3395 Unused Serialized files (Serialized files now loaded: 0)
Unloading 22 unused Assets / (104.3 KB). Loaded Objects now: 5892.
Memory consumption went from 138.1 MB to 138.0 MB.
Total: 9.580200 ms (FindLiveObjects: 0.844300 ms CreateObjectMapping: 0.733100 ms MarkObjects: 7.880200 ms  DeleteObjects: 0.121100 ms)

AssetImportParameters requested are different than current active one (requested -> active):
  custom:video-decoder-ogg-theora: a1e56fd34408186e4bbccfd4996cb3dc -> 
  custom:container-muxer-webm: aa71ff27fc2769a1b78a27578f13a17b -> 
  custom:container-demuxer-webm: 4f35f7cbe854078d1ac9338744f61a02 -> 
  custom:video-encoder-webm-vp8: eb34c28f22e8b96e1ab97ce403110664 -> 
  custom:audio-encoder-webm-vorbis: bf7c407c2cedff20999df2af8eb42d56 -> 
  custom:framework-win-MediaFoundation: 216162199b28c13a410421893ffa2e32 -> 
  custom:container-demuxer-ogg: 62fdf1f143b41e24485cea50d1cbac27 -> 
  custom:video-decoder-webm-vp8: 9c59270c3fd7afecdb556c50c9e8de78 -> 
  custom:audio-decoder-ogg-vorbis: bf7c407c2cedff20999df2af8eb42d56 -> 
